[2025-07-13 15:06:25.633 +03:00 FTL] : Application terminated unexpectedly {"MachineName":"RAMYKHAIRY","EnvironmentUserName":"RAMYKHAIRY\\ramyk","ProcessId":31544,"ThreadId":1,"Application":"CustomerFluent API","Environment":"Development"}
System.InvalidOperationException: No service for type 'Microsoft.AspNetCore.Identity.RoleManager`1[Microsoft.AspNetCore.Identity.IdentityRole]' has been registered.
   at Microsoft.Extensions.DependencyInjection.ServiceProviderServiceExtensions.GetRequiredService(IServiceProvider provider, Type serviceType)
   at Microsoft.Extensions.DependencyInjection.ServiceProviderServiceExtensions.GetRequiredService[T](IServiceProvider provider)
   at Program.<Main>$(String[] args) in C:\Users\ramyk\source\repos\CustomerFluent\CustomerFluent\Program.cs:line 309
[2025-07-13 15:12:16.852 +03:00 WRN] Microsoft.EntityFrameworkCore.Model.Validation: Sensitive data logging is enabled. Log entries and exception messages may include sensitive application data; this mode should only be enabled during development. {"EventId":{"Id":10400,"Name":"Microsoft.EntityFrameworkCore.Infrastructure.SensitiveDataLoggingEnabledWarning"},"MachineName":"RAMYKHAIRY","EnvironmentUserName":"RAMYKHAIRY\\ramyk","ProcessId":35896,"ThreadId":1,"Application":"CustomerFluent API","Environment":"Development"}
[2025-07-13 15:12:17.544 +03:00 INF] Microsoft.EntityFrameworkCore.Database.Command: Executed DbCommand (45ms) [Parameters=[@__normalizedName_0='ADMIN' (Size = 256)], CommandType='"Text"', CommandTimeout='30']
SELECT TOP(1) [r].[Id], [r].[ConcurrencyStamp], [r].[CreatedDate], [r].[Description], [r].[Name], [r].[NormalizedName]
FROM [dbo].[Roles] AS [r]
WHERE [r].[NormalizedName] = @__normalizedName_0 {"EventId":{"Id":20101,"Name":"Microsoft.EntityFrameworkCore.Database.Command.CommandExecuted"},"MachineName":"RAMYKHAIRY","EnvironmentUserName":"RAMYKHAIRY\\ramyk","ProcessId":35896,"ThreadId":11,"Application":"CustomerFluent API","Environment":"Development"}
[2025-07-13 15:12:17.597 +03:00 INF] Microsoft.EntityFrameworkCore.Database.Command: Executed DbCommand (2ms) [Parameters=[@__normalizedName_0='USER' (Size = 256)], CommandType='"Text"', CommandTimeout='30']
SELECT TOP(1) [r].[Id], [r].[ConcurrencyStamp], [r].[CreatedDate], [r].[Description], [r].[Name], [r].[NormalizedName]
FROM [dbo].[Roles] AS [r]
WHERE [r].[NormalizedName] = @__normalizedName_0 {"EventId":{"Id":20101,"Name":"Microsoft.EntityFrameworkCore.Database.Command.CommandExecuted"},"MachineName":"RAMYKHAIRY","EnvironmentUserName":"RAMYKHAIRY\\ramyk","ProcessId":35896,"ThreadId":11,"Application":"CustomerFluent API","Environment":"Development"}
[2025-07-13 15:12:17.600 +03:00 INF] Microsoft.EntityFrameworkCore.Database.Command: Executed DbCommand (0ms) [Parameters=[@__normalizedName_0='MANAGER' (Size = 256)], CommandType='"Text"', CommandTimeout='30']
SELECT TOP(1) [r].[Id], [r].[ConcurrencyStamp], [r].[CreatedDate], [r].[Description], [r].[Name], [r].[NormalizedName]
FROM [dbo].[Roles] AS [r]
WHERE [r].[NormalizedName] = @__normalizedName_0 {"EventId":{"Id":20101,"Name":"Microsoft.EntityFrameworkCore.Database.Command.CommandExecuted"},"MachineName":"RAMYKHAIRY","EnvironmentUserName":"RAMYKHAIRY\\ramyk","ProcessId":35896,"ThreadId":11,"Application":"CustomerFluent API","Environment":"Development"}
[2025-07-13 15:12:17.614 +03:00 INF] Microsoft.EntityFrameworkCore.Database.Command: Executed DbCommand (3ms) [Parameters=[@__normalizedEmail_0='ADMIN@CUSTOMERFLUENT.COM' (Size = 256)], CommandType='"Text"', CommandTimeout='30']
SELECT TOP(2) [u].[Id], [u].[AccessFailedCount], [u].[ConcurrencyStamp], [u].[CreatedDate], [u].[Email], [u].[EmailConfirmed], [u].[FirstName], [u].[IsActive], [u].[LastLoginDate], [u].[LastName], [u].[LockoutEnabled], [u].[LockoutEnd], [u].[NormalizedEmail], [u].[NormalizedUserName], [u].[PasswordHash], [u].[PhoneNumber], [u].[PhoneNumberConfirmed], [u].[SecurityStamp], [u].[TwoFactorEnabled], [u].[UserName]
FROM [dbo].[Users] AS [u]
WHERE [u].[NormalizedEmail] = @__normalizedEmail_0 {"EventId":{"Id":20101,"Name":"Microsoft.EntityFrameworkCore.Database.Command.CommandExecuted"},"MachineName":"RAMYKHAIRY","EnvironmentUserName":"RAMYKHAIRY\\ramyk","ProcessId":35896,"ThreadId":11,"Application":"CustomerFluent API","Environment":"Development"}
[2025-07-13 15:12:17.652 +03:00 INF] Microsoft.EntityFrameworkCore.Database.Command: Executed DbCommand (2ms) [Parameters=[@__normalizedUserName_0='TESTUSER1' (Size = 256)], CommandType='"Text"', CommandTimeout='30']
SELECT TOP(1) [u].[Id], [u].[AccessFailedCount], [u].[ConcurrencyStamp], [u].[CreatedDate], [u].[Email], [u].[EmailConfirmed], [u].[FirstName], [u].[IsActive], [u].[LastLoginDate], [u].[LastName], [u].[LockoutEnabled], [u].[LockoutEnd], [u].[NormalizedEmail], [u].[NormalizedUserName], [u].[PasswordHash], [u].[PhoneNumber], [u].[PhoneNumberConfirmed], [u].[SecurityStamp], [u].[TwoFactorEnabled], [u].[UserName]
FROM [dbo].[Users] AS [u]
WHERE [u].[NormalizedUserName] = @__normalizedUserName_0 {"EventId":{"Id":20101,"Name":"Microsoft.EntityFrameworkCore.Database.Command.CommandExecuted"},"MachineName":"RAMYKHAIRY","EnvironmentUserName":"RAMYKHAIRY\\ramyk","ProcessId":35896,"ThreadId":11,"Application":"CustomerFluent API","Environment":"Development"}
[2025-07-13 15:12:17.656 +03:00 INF] Microsoft.EntityFrameworkCore.Database.Command: Executed DbCommand (1ms) [Parameters=[@__normalizedUserName_0='TESTUSER2' (Size = 256)], CommandType='"Text"', CommandTimeout='30']
SELECT TOP(1) [u].[Id], [u].[AccessFailedCount], [u].[ConcurrencyStamp], [u].[CreatedDate], [u].[Email], [u].[EmailConfirmed], [u].[FirstName], [u].[IsActive], [u].[LastLoginDate], [u].[LastName], [u].[LockoutEnabled], [u].[LockoutEnd], [u].[NormalizedEmail], [u].[NormalizedUserName], [u].[PasswordHash], [u].[PhoneNumber], [u].[PhoneNumberConfirmed], [u].[SecurityStamp], [u].[TwoFactorEnabled], [u].[UserName]
FROM [dbo].[Users] AS [u]
WHERE [u].[NormalizedUserName] = @__normalizedUserName_0 {"EventId":{"Id":20101,"Name":"Microsoft.EntityFrameworkCore.Database.Command.CommandExecuted"},"MachineName":"RAMYKHAIRY","EnvironmentUserName":"RAMYKHAIRY\\ramyk","ProcessId":35896,"ThreadId":11,"Application":"CustomerFluent API","Environment":"Development"}
[2025-07-13 15:12:17.660 +03:00 INF] Microsoft.EntityFrameworkCore.Database.Command: Executed DbCommand (0ms) [Parameters=[@__normalizedUserName_0='TESTUSER3' (Size = 256)], CommandType='"Text"', CommandTimeout='30']
SELECT TOP(1) [u].[Id], [u].[AccessFailedCount], [u].[ConcurrencyStamp], [u].[CreatedDate], [u].[Email], [u].[EmailConfirmed], [u].[FirstName], [u].[IsActive], [u].[LastLoginDate], [u].[LastName], [u].[LockoutEnabled], [u].[LockoutEnd], [u].[NormalizedEmail], [u].[NormalizedUserName], [u].[PasswordHash], [u].[PhoneNumber], [u].[PhoneNumberConfirmed], [u].[SecurityStamp], [u].[TwoFactorEnabled], [u].[UserName]
FROM [dbo].[Users] AS [u]
WHERE [u].[NormalizedUserName] = @__normalizedUserName_0 {"EventId":{"Id":20101,"Name":"Microsoft.EntityFrameworkCore.Database.Command.CommandExecuted"},"MachineName":"RAMYKHAIRY","EnvironmentUserName":"RAMYKHAIRY\\ramyk","ProcessId":35896,"ThreadId":5,"Application":"CustomerFluent API","Environment":"Development"}
[2025-07-13 15:12:17.670 +03:00 INF] : Swagger UI enabled for development environment {"MachineName":"RAMYKHAIRY","EnvironmentUserName":"RAMYKHAIRY\\ramyk","ProcessId":35896,"ThreadId":5,"Application":"CustomerFluent API","Environment":"Development"}
[2025-07-13 15:12:17.672 +03:00 INF] : 🛡️ Rate limiting middleware enabled {"MachineName":"RAMYKHAIRY","EnvironmentUserName":"RAMYKHAIRY\\ramyk","ProcessId":35896,"ThreadId":5,"Application":"CustomerFluent API","Environment":"Development"}
[2025-07-13 15:12:17.760 +03:00 INF] : CustomerFluent API configured with FIXED per-user rate limiting {"MachineName":"RAMYKHAIRY","EnvironmentUserName":"RAMYKHAIRY\\ramyk","ProcessId":35896,"ThreadId":5,"Application":"CustomerFluent API","Environment":"Development"}
[2025-07-13 15:12:17.819 +03:00 INF] : 🔧 Configuring per-user rate limiting (2 requests max)... {"MachineName":"RAMYKHAIRY","EnvironmentUserName":"RAMYKHAIRY\\ramyk","ProcessId":35896,"ThreadId":5,"Application":"CustomerFluent API","Environment":"Development"}
[2025-07-13 15:12:17.821 +03:00 INF] : ✅ Rate limiting configured: 2 requests max per user {"MachineName":"RAMYKHAIRY","EnvironmentUserName":"RAMYKHAIRY\\ramyk","ProcessId":35896,"ThreadId":5,"Application":"CustomerFluent API","Environment":"Development"}
[2025-07-13 15:12:18.619 +03:00 INF] Serilog.AspNetCore.RequestLoggingMiddleware: HTTP GET /swagger/index.html responded 200 in 53.0419 ms {"RequestHost":"localhost:7262","RequestScheme":"https","UserAgent":"Mozilla/5.0 (Windows NT 10.0; Win64; x64) AppleWebKit/537.36 (KHTML, like Gecko) Chrome/138.0.0.0 Safari/537.36 Edg/138.0.0.0","ConnectionId":"0HNE20Q1IOB4G","RequestId":"0HNE20Q1IOB4G:00000001","MachineName":"RAMYKHAIRY","EnvironmentUserName":"RAMYKHAIRY\\ramyk","ProcessId":35896,"ThreadId":18,"Application":"CustomerFluent API","Environment":"Development"}
[2025-07-13 15:12:18.726 +03:00 INF] Serilog.AspNetCore.RequestLoggingMiddleware: HTTP GET /swagger/v1/swagger.json responded 200 in 31.3573 ms {"RequestHost":"localhost:7262","RequestScheme":"https","UserAgent":"Mozilla/5.0 (Windows NT 10.0; Win64; x64) AppleWebKit/537.36 (KHTML, like Gecko) Chrome/138.0.0.0 Safari/537.36 Edg/138.0.0.0","ConnectionId":"0HNE20Q1IOB4G","RequestId":"0HNE20Q1IOB4G:00000007","MachineName":"RAMYKHAIRY","EnvironmentUserName":"RAMYKHAIRY\\ramyk","ProcessId":35896,"ThreadId":17,"Application":"CustomerFluent API","Environment":"Development"}
