[2025-08-13 00:42:33.223 +03:00 WRN] Microsoft.EntityFrameworkCore.Model.Validation: Sensitive data logging is enabled. Log entries and exception messages may include sensitive application data; this mode should only be enabled during development. {"EventId":{"Id":10400,"Name":"Microsoft.EntityFrameworkCore.Infrastructure.SensitiveDataLoggingEnabledWarning"},"MachineName":"RAMYKHAIRY","EnvironmentUserName":"RAMYKHAIRY\\ramyk","ProcessId":35964,"ThreadId":1,"Application":"CustomerFluent API","Environment":"Development"}
[2025-08-13 00:42:34.024 +03:00 INF] Microsoft.EntityFrameworkCore.Database.Command: Executed DbCommand (55ms) [Parameters=[@__normalizedName_0='ADMIN' (Size = 256)], CommandType='"Text"', CommandTimeout='30']
SELECT TOP(1) [r].[Id], [r].[ConcurrencyStamp], [r].[CreatedDate], [r].[Description], [r].[Name], [r].[NormalizedName]
FROM [dbo].[Roles] AS [r]
WHERE [r].[NormalizedName] = @__normalizedName_0 {"EventId":{"Id":20101,"Name":"Microsoft.EntityFrameworkCore.Database.Command.CommandExecuted"},"MachineName":"RAMYKHAIRY","EnvironmentUserName":"RAMYKHAIRY\\ramyk","ProcessId":35964,"ThreadId":10,"Application":"CustomerFluent API","Environment":"Development"}
[2025-08-13 00:42:34.114 +03:00 INF] Microsoft.EntityFrameworkCore.Database.Command: Executed DbCommand (6ms) [Parameters=[@__normalizedUserName_0='ADMIIN' (Size = 256)], CommandType='"Text"', CommandTimeout='30']
SELECT TOP(1) [u].[Id], [u].[AccessFailedCount], [u].[ConcurrencyStamp], [u].[CreatedDate], [u].[Email], [u].[EmailConfirmed], [u].[FirstName], [u].[IsActive], [u].[LastLoginDate], [u].[LastName], [u].[LockoutEnabled], [u].[LockoutEnd], [u].[NormalizedEmail], [u].[NormalizedUserName], [u].[PasswordHash], [u].[PhoneNumber], [u].[PhoneNumberConfirmed], [u].[SecurityStamp], [u].[TwoFactorEnabled], [u].[UserName]
FROM [dbo].[Users] AS [u]
WHERE [u].[NormalizedUserName] = @__normalizedUserName_0 {"EventId":{"Id":20101,"Name":"Microsoft.EntityFrameworkCore.Database.Command.CommandExecuted"},"MachineName":"RAMYKHAIRY","EnvironmentUserName":"RAMYKHAIRY\\ramyk","ProcessId":35964,"ThreadId":11,"Application":"CustomerFluent API","Environment":"Development"}
[2025-08-13 00:42:34.156 +03:00 INF] Microsoft.EntityFrameworkCore.Database.Command: Executed DbCommand (2ms) [Parameters=[@__normalizedRoleName_0='ADMIN' (Size = 256)], CommandType='"Text"', CommandTimeout='30']
SELECT TOP(2) [r].[Id], [r].[ConcurrencyStamp], [r].[CreatedDate], [r].[Description], [r].[Name], [r].[NormalizedName]
FROM [dbo].[Roles] AS [r]
WHERE [r].[NormalizedName] = @__normalizedRoleName_0 {"EventId":{"Id":20101,"Name":"Microsoft.EntityFrameworkCore.Database.Command.CommandExecuted"},"MachineName":"RAMYKHAIRY","EnvironmentUserName":"RAMYKHAIRY\\ramyk","ProcessId":35964,"ThreadId":10,"Application":"CustomerFluent API","Environment":"Development"}
[2025-08-13 00:42:34.187 +03:00 INF] Microsoft.EntityFrameworkCore.Database.Command: Executed DbCommand (3ms) [Parameters=[@__p_0='9dda8f7d-72d9-4b7f-bc46-525d576d26a1' (Size = 450), @__p_1='03f1001d-3d1f-4798-933a-9186ae6706ce' (Size = 450)], CommandType='"Text"', CommandTimeout='30']
SELECT TOP(1) [a].[UserId], [a].[RoleId]
FROM [dbo].[AspNetUserRoles] AS [a]
WHERE [a].[UserId] = @__p_0 AND [a].[RoleId] = @__p_1 {"EventId":{"Id":20101,"Name":"Microsoft.EntityFrameworkCore.Database.Command.CommandExecuted"},"MachineName":"RAMYKHAIRY","EnvironmentUserName":"RAMYKHAIRY\\ramyk","ProcessId":35964,"ThreadId":10,"Application":"CustomerFluent API","Environment":"Development"}
[2025-08-13 00:42:34.239 +03:00 INF] Microsoft.EntityFrameworkCore.Database.Command: Executed DbCommand (1ms) [Parameters=[@__normalizedName_0='ADMIN' (Size = 256)], CommandType='"Text"', CommandTimeout='30']
SELECT TOP(1) [r].[Id], [r].[ConcurrencyStamp], [r].[CreatedDate], [r].[Description], [r].[Name], [r].[NormalizedName]
FROM [dbo].[Roles] AS [r]
WHERE [r].[NormalizedName] = @__normalizedName_0 {"EventId":{"Id":20101,"Name":"Microsoft.EntityFrameworkCore.Database.Command.CommandExecuted"},"MachineName":"RAMYKHAIRY","EnvironmentUserName":"RAMYKHAIRY\\ramyk","ProcessId":35964,"ThreadId":11,"Application":"CustomerFluent API","Environment":"Development"}
[2025-08-13 00:42:34.243 +03:00 INF] Microsoft.EntityFrameworkCore.Database.Command: Executed DbCommand (1ms) [Parameters=[@__normalizedName_0='USER' (Size = 256)], CommandType='"Text"', CommandTimeout='30']
SELECT TOP(1) [r].[Id], [r].[ConcurrencyStamp], [r].[CreatedDate], [r].[Description], [r].[Name], [r].[NormalizedName]
FROM [dbo].[Roles] AS [r]
WHERE [r].[NormalizedName] = @__normalizedName_0 {"EventId":{"Id":20101,"Name":"Microsoft.EntityFrameworkCore.Database.Command.CommandExecuted"},"MachineName":"RAMYKHAIRY","EnvironmentUserName":"RAMYKHAIRY\\ramyk","ProcessId":35964,"ThreadId":5,"Application":"CustomerFluent API","Environment":"Development"}
[2025-08-13 00:42:34.247 +03:00 INF] Microsoft.EntityFrameworkCore.Database.Command: Executed DbCommand (1ms) [Parameters=[@__normalizedName_0='MANAGER' (Size = 256)], CommandType='"Text"', CommandTimeout='30']
SELECT TOP(1) [r].[Id], [r].[ConcurrencyStamp], [r].[CreatedDate], [r].[Description], [r].[Name], [r].[NormalizedName]
FROM [dbo].[Roles] AS [r]
WHERE [r].[NormalizedName] = @__normalizedName_0 {"EventId":{"Id":20101,"Name":"Microsoft.EntityFrameworkCore.Database.Command.CommandExecuted"},"MachineName":"RAMYKHAIRY","EnvironmentUserName":"RAMYKHAIRY\\ramyk","ProcessId":35964,"ThreadId":5,"Application":"CustomerFluent API","Environment":"Development"}
[2025-08-13 00:42:34.259 +03:00 INF] Microsoft.EntityFrameworkCore.Database.Command: Executed DbCommand (3ms) [Parameters=[@__normalizedEmail_0='ADMIN@CUSTOMERFLUENT.COM' (Size = 256)], CommandType='"Text"', CommandTimeout='30']
SELECT TOP(2) [u].[Id], [u].[AccessFailedCount], [u].[ConcurrencyStamp], [u].[CreatedDate], [u].[Email], [u].[EmailConfirmed], [u].[FirstName], [u].[IsActive], [u].[LastLoginDate], [u].[LastName], [u].[LockoutEnabled], [u].[LockoutEnd], [u].[NormalizedEmail], [u].[NormalizedUserName], [u].[PasswordHash], [u].[PhoneNumber], [u].[PhoneNumberConfirmed], [u].[SecurityStamp], [u].[TwoFactorEnabled], [u].[UserName]
FROM [dbo].[Users] AS [u]
WHERE [u].[NormalizedEmail] = @__normalizedEmail_0 {"EventId":{"Id":20101,"Name":"Microsoft.EntityFrameworkCore.Database.Command.CommandExecuted"},"MachineName":"RAMYKHAIRY","EnvironmentUserName":"RAMYKHAIRY\\ramyk","ProcessId":35964,"ThreadId":5,"Application":"CustomerFluent API","Environment":"Development"}
[2025-08-13 00:42:34.263 +03:00 INF] Microsoft.EntityFrameworkCore.Database.Command: Executed DbCommand (1ms) [Parameters=[@__normalizedUserName_0='TESTUSER1' (Size = 256)], CommandType='"Text"', CommandTimeout='30']
SELECT TOP(1) [u].[Id], [u].[AccessFailedCount], [u].[ConcurrencyStamp], [u].[CreatedDate], [u].[Email], [u].[EmailConfirmed], [u].[FirstName], [u].[IsActive], [u].[LastLoginDate], [u].[LastName], [u].[LockoutEnabled], [u].[LockoutEnd], [u].[NormalizedEmail], [u].[NormalizedUserName], [u].[PasswordHash], [u].[PhoneNumber], [u].[PhoneNumberConfirmed], [u].[SecurityStamp], [u].[TwoFactorEnabled], [u].[UserName]
FROM [dbo].[Users] AS [u]
WHERE [u].[NormalizedUserName] = @__normalizedUserName_0 {"EventId":{"Id":20101,"Name":"Microsoft.EntityFrameworkCore.Database.Command.CommandExecuted"},"MachineName":"RAMYKHAIRY","EnvironmentUserName":"RAMYKHAIRY\\ramyk","ProcessId":35964,"ThreadId":5,"Application":"CustomerFluent API","Environment":"Development"}
[2025-08-13 00:42:34.267 +03:00 INF] Microsoft.EntityFrameworkCore.Database.Command: Executed DbCommand (1ms) [Parameters=[@__normalizedUserName_0='TESTUSER2' (Size = 256)], CommandType='"Text"', CommandTimeout='30']
SELECT TOP(1) [u].[Id], [u].[AccessFailedCount], [u].[ConcurrencyStamp], [u].[CreatedDate], [u].[Email], [u].[EmailConfirmed], [u].[FirstName], [u].[IsActive], [u].[LastLoginDate], [u].[LastName], [u].[LockoutEnabled], [u].[LockoutEnd], [u].[NormalizedEmail], [u].[NormalizedUserName], [u].[PasswordHash], [u].[PhoneNumber], [u].[PhoneNumberConfirmed], [u].[SecurityStamp], [u].[TwoFactorEnabled], [u].[UserName]
FROM [dbo].[Users] AS [u]
WHERE [u].[NormalizedUserName] = @__normalizedUserName_0 {"EventId":{"Id":20101,"Name":"Microsoft.EntityFrameworkCore.Database.Command.CommandExecuted"},"MachineName":"RAMYKHAIRY","EnvironmentUserName":"RAMYKHAIRY\\ramyk","ProcessId":35964,"ThreadId":11,"Application":"CustomerFluent API","Environment":"Development"}
[2025-08-13 00:42:34.271 +03:00 INF] Microsoft.EntityFrameworkCore.Database.Command: Executed DbCommand (1ms) [Parameters=[@__normalizedUserName_0='TESTUSER3' (Size = 256)], CommandType='"Text"', CommandTimeout='30']
SELECT TOP(1) [u].[Id], [u].[AccessFailedCount], [u].[ConcurrencyStamp], [u].[CreatedDate], [u].[Email], [u].[EmailConfirmed], [u].[FirstName], [u].[IsActive], [u].[LastLoginDate], [u].[LastName], [u].[LockoutEnabled], [u].[LockoutEnd], [u].[NormalizedEmail], [u].[NormalizedUserName], [u].[PasswordHash], [u].[PhoneNumber], [u].[PhoneNumberConfirmed], [u].[SecurityStamp], [u].[TwoFactorEnabled], [u].[UserName]
FROM [dbo].[Users] AS [u]
WHERE [u].[NormalizedUserName] = @__normalizedUserName_0 {"EventId":{"Id":20101,"Name":"Microsoft.EntityFrameworkCore.Database.Command.CommandExecuted"},"MachineName":"RAMYKHAIRY","EnvironmentUserName":"RAMYKHAIRY\\ramyk","ProcessId":35964,"ThreadId":11,"Application":"CustomerFluent API","Environment":"Development"}
[2025-08-13 00:42:34.284 +03:00 INF] : Swagger UI enabled for development environment {"MachineName":"RAMYKHAIRY","EnvironmentUserName":"RAMYKHAIRY\\ramyk","ProcessId":35964,"ThreadId":11,"Application":"CustomerFluent API","Environment":"Development"}
[2025-08-13 00:42:34.286 +03:00 INF] : 🛡️ Rate limiting middleware enabled {"MachineName":"RAMYKHAIRY","EnvironmentUserName":"RAMYKHAIRY\\ramyk","ProcessId":35964,"ThreadId":11,"Application":"CustomerFluent API","Environment":"Development"}
[2025-08-13 00:42:34.402 +03:00 INF] : CustomerFluent API configured with FIXED per-user rate limiting {"MachineName":"RAMYKHAIRY","EnvironmentUserName":"RAMYKHAIRY\\ramyk","ProcessId":35964,"ThreadId":11,"Application":"CustomerFluent API","Environment":"Development"}
[2025-08-13 00:42:34.506 +03:00 INF] : 🔧 Configuring per-user rate limiting (2 requests max)... {"MachineName":"RAMYKHAIRY","EnvironmentUserName":"RAMYKHAIRY\\ramyk","ProcessId":35964,"ThreadId":11,"Application":"CustomerFluent API","Environment":"Development"}
[2025-08-13 00:42:34.508 +03:00 INF] : ✅ Rate limiting configured: 2 requests max per user {"MachineName":"RAMYKHAIRY","EnvironmentUserName":"RAMYKHAIRY\\ramyk","ProcessId":35964,"ThreadId":11,"Application":"CustomerFluent API","Environment":"Development"}
[2025-08-13 00:42:36.594 +03:00 INF] Serilog.AspNetCore.RequestLoggingMiddleware: HTTP GET /swagger/index.html responded 200 in 55.0880 ms {"RequestHost":"localhost:7262","RequestScheme":"https","UserAgent":"Mozilla/5.0 (Windows NT 10.0; Win64; x64) AppleWebKit/537.36 (KHTML, like Gecko) Chrome/139.0.0.0 Safari/537.36 Edg/139.0.0.0","ConnectionId":"0HNEPT4J1RHV0","RequestId":"0HNEPT4J1RHV0:00000001","MachineName":"RAMYKHAIRY","EnvironmentUserName":"RAMYKHAIRY\\ramyk","ProcessId":35964,"ThreadId":18,"Application":"CustomerFluent API","Environment":"Development"}
[2025-08-13 00:42:36.777 +03:00 INF] Serilog.AspNetCore.RequestLoggingMiddleware: HTTP GET /swagger/v1/swagger.json responded 200 in 25.7840 ms {"RequestHost":"localhost:7262","RequestScheme":"https","UserAgent":"Mozilla/5.0 (Windows NT 10.0; Win64; x64) AppleWebKit/537.36 (KHTML, like Gecko) Chrome/139.0.0.0 Safari/537.36 Edg/139.0.0.0","ConnectionId":"0HNEPT4J1RHV1","RequestId":"0HNEPT4J1RHV1:00000001","MachineName":"RAMYKHAIRY","EnvironmentUserName":"RAMYKHAIRY\\ramyk","ProcessId":35964,"ThreadId":18,"Application":"CustomerFluent API","Environment":"Development"}
