[2025-07-09 15:16:44.812 +03:00 WRN] Microsoft.EntityFrameworkCore.Model.Validation: Sensitive data logging is enabled. Log entries and exception messages may include sensitive application data; this mode should only be enabled during development. {"EventId":{"Id":10400,"Name":"Microsoft.EntityFrameworkCore.Infrastructure.SensitiveDataLoggingEnabledWarning"},"MachineName":"RAMYKHAIRY","EnvironmentUserName":"RAMYKHAIRY\\ramyk","ProcessId":11232,"ThreadId":1,"Application":"CustomerFluent API","Environment":"Development"}
[2025-07-09 15:16:45.503 +03:00 INF] Microsoft.EntityFrameworkCore.Database.Command: Executed DbCommand (64ms) [Parameters=[@__normalizedName_0='ADMIN' (Size = 256)], CommandType='"Text"', CommandTimeout='30']
SELECT TOP(1) [r].[Id], [r].[ConcurrencyStamp], [r].[CreatedDate], [r].[Description], [r].[Name], [r].[NormalizedName]
FROM [dbo].[Roles] AS [r]
WHERE [r].[NormalizedName] = @__normalizedName_0 {"EventId":{"Id":20101,"Name":"Microsoft.EntityFrameworkCore.Database.Command.CommandExecuted"},"MachineName":"RAMYKHAIRY","EnvironmentUserName":"RAMYKHAIRY\\ramyk","ProcessId":11232,"ThreadId":10,"Application":"CustomerFluent API","Environment":"Development"}
[2025-07-09 15:16:45.555 +03:00 INF] Microsoft.EntityFrameworkCore.Database.Command: Executed DbCommand (2ms) [Parameters=[@__normalizedName_0='USER' (Size = 256)], CommandType='"Text"', CommandTimeout='30']
SELECT TOP(1) [r].[Id], [r].[ConcurrencyStamp], [r].[CreatedDate], [r].[Description], [r].[Name], [r].[NormalizedName]
FROM [dbo].[Roles] AS [r]
WHERE [r].[NormalizedName] = @__normalizedName_0 {"EventId":{"Id":20101,"Name":"Microsoft.EntityFrameworkCore.Database.Command.CommandExecuted"},"MachineName":"RAMYKHAIRY","EnvironmentUserName":"RAMYKHAIRY\\ramyk","ProcessId":11232,"ThreadId":10,"Application":"CustomerFluent API","Environment":"Development"}
[2025-07-09 15:16:45.559 +03:00 INF] Microsoft.EntityFrameworkCore.Database.Command: Executed DbCommand (0ms) [Parameters=[@__normalizedName_0='MANAGER' (Size = 256)], CommandType='"Text"', CommandTimeout='30']
SELECT TOP(1) [r].[Id], [r].[ConcurrencyStamp], [r].[CreatedDate], [r].[Description], [r].[Name], [r].[NormalizedName]
FROM [dbo].[Roles] AS [r]
WHERE [r].[NormalizedName] = @__normalizedName_0 {"EventId":{"Id":20101,"Name":"Microsoft.EntityFrameworkCore.Database.Command.CommandExecuted"},"MachineName":"RAMYKHAIRY","EnvironmentUserName":"RAMYKHAIRY\\ramyk","ProcessId":11232,"ThreadId":11,"Application":"CustomerFluent API","Environment":"Development"}
[2025-07-09 15:16:45.574 +03:00 INF] Microsoft.EntityFrameworkCore.Database.Command: Executed DbCommand (4ms) [Parameters=[@__normalizedEmail_0='ADMIN@CUSTOMERFLUENT.COM' (Size = 256)], CommandType='"Text"', CommandTimeout='30']
SELECT TOP(2) [u].[Id], [u].[AccessFailedCount], [u].[ConcurrencyStamp], [u].[CreatedDate], [u].[Email], [u].[EmailConfirmed], [u].[FirstName], [u].[IsActive], [u].[LastLoginDate], [u].[LastName], [u].[LockoutEnabled], [u].[LockoutEnd], [u].[NormalizedEmail], [u].[NormalizedUserName], [u].[PasswordHash], [u].[PhoneNumber], [u].[PhoneNumberConfirmed], [u].[SecurityStamp], [u].[TwoFactorEnabled], [u].[UserName]
FROM [dbo].[Users] AS [u]
WHERE [u].[NormalizedEmail] = @__normalizedEmail_0 {"EventId":{"Id":20101,"Name":"Microsoft.EntityFrameworkCore.Database.Command.CommandExecuted"},"MachineName":"RAMYKHAIRY","EnvironmentUserName":"RAMYKHAIRY\\ramyk","ProcessId":11232,"ThreadId":11,"Application":"CustomerFluent API","Environment":"Development"}
[2025-07-09 15:16:45.611 +03:00 INF] Microsoft.EntityFrameworkCore.Database.Command: Executed DbCommand (2ms) [Parameters=[@__normalizedUserName_0='TESTUSER1' (Size = 256)], CommandType='"Text"', CommandTimeout='30']
SELECT TOP(1) [u].[Id], [u].[AccessFailedCount], [u].[ConcurrencyStamp], [u].[CreatedDate], [u].[Email], [u].[EmailConfirmed], [u].[FirstName], [u].[IsActive], [u].[LastLoginDate], [u].[LastName], [u].[LockoutEnabled], [u].[LockoutEnd], [u].[NormalizedEmail], [u].[NormalizedUserName], [u].[PasswordHash], [u].[PhoneNumber], [u].[PhoneNumberConfirmed], [u].[SecurityStamp], [u].[TwoFactorEnabled], [u].[UserName]
FROM [dbo].[Users] AS [u]
WHERE [u].[NormalizedUserName] = @__normalizedUserName_0 {"EventId":{"Id":20101,"Name":"Microsoft.EntityFrameworkCore.Database.Command.CommandExecuted"},"MachineName":"RAMYKHAIRY","EnvironmentUserName":"RAMYKHAIRY\\ramyk","ProcessId":11232,"ThreadId":11,"Application":"CustomerFluent API","Environment":"Development"}
[2025-07-09 15:16:45.616 +03:00 INF] Microsoft.EntityFrameworkCore.Database.Command: Executed DbCommand (1ms) [Parameters=[@__normalizedUserName_0='TESTUSER2' (Size = 256)], CommandType='"Text"', CommandTimeout='30']
SELECT TOP(1) [u].[Id], [u].[AccessFailedCount], [u].[ConcurrencyStamp], [u].[CreatedDate], [u].[Email], [u].[EmailConfirmed], [u].[FirstName], [u].[IsActive], [u].[LastLoginDate], [u].[LastName], [u].[LockoutEnabled], [u].[LockoutEnd], [u].[NormalizedEmail], [u].[NormalizedUserName], [u].[PasswordHash], [u].[PhoneNumber], [u].[PhoneNumberConfirmed], [u].[SecurityStamp], [u].[TwoFactorEnabled], [u].[UserName]
FROM [dbo].[Users] AS [u]
WHERE [u].[NormalizedUserName] = @__normalizedUserName_0 {"EventId":{"Id":20101,"Name":"Microsoft.EntityFrameworkCore.Database.Command.CommandExecuted"},"MachineName":"RAMYKHAIRY","EnvironmentUserName":"RAMYKHAIRY\\ramyk","ProcessId":11232,"ThreadId":10,"Application":"CustomerFluent API","Environment":"Development"}
[2025-07-09 15:16:45.619 +03:00 INF] Microsoft.EntityFrameworkCore.Database.Command: Executed DbCommand (1ms) [Parameters=[@__normalizedUserName_0='TESTUSER3' (Size = 256)], CommandType='"Text"', CommandTimeout='30']
SELECT TOP(1) [u].[Id], [u].[AccessFailedCount], [u].[ConcurrencyStamp], [u].[CreatedDate], [u].[Email], [u].[EmailConfirmed], [u].[FirstName], [u].[IsActive], [u].[LastLoginDate], [u].[LastName], [u].[LockoutEnabled], [u].[LockoutEnd], [u].[NormalizedEmail], [u].[NormalizedUserName], [u].[PasswordHash], [u].[PhoneNumber], [u].[PhoneNumberConfirmed], [u].[SecurityStamp], [u].[TwoFactorEnabled], [u].[UserName]
FROM [dbo].[Users] AS [u]
WHERE [u].[NormalizedUserName] = @__normalizedUserName_0 {"EventId":{"Id":20101,"Name":"Microsoft.EntityFrameworkCore.Database.Command.CommandExecuted"},"MachineName":"RAMYKHAIRY","EnvironmentUserName":"RAMYKHAIRY\\ramyk","ProcessId":11232,"ThreadId":11,"Application":"CustomerFluent API","Environment":"Development"}
[2025-07-09 15:16:45.631 +03:00 INF] : Swagger UI enabled for development environment {"MachineName":"RAMYKHAIRY","EnvironmentUserName":"RAMYKHAIRY\\ramyk","ProcessId":11232,"ThreadId":11,"Application":"CustomerFluent API","Environment":"Development"}
[2025-07-09 15:16:45.633 +03:00 INF] : 🛡️ Rate limiting middleware enabled {"MachineName":"RAMYKHAIRY","EnvironmentUserName":"RAMYKHAIRY\\ramyk","ProcessId":11232,"ThreadId":11,"Application":"CustomerFluent API","Environment":"Development"}
[2025-07-09 15:16:45.706 +03:00 INF] : CustomerFluent API configured with FIXED per-user rate limiting {"MachineName":"RAMYKHAIRY","EnvironmentUserName":"RAMYKHAIRY\\ramyk","ProcessId":11232,"ThreadId":11,"Application":"CustomerFluent API","Environment":"Development"}
[2025-07-09 15:16:45.757 +03:00 INF] : 🔧 Configuring CORRECTED per-user rate limiting... {"MachineName":"RAMYKHAIRY","EnvironmentUserName":"RAMYKHAIRY\\ramyk","ProcessId":11232,"ThreadId":11,"Application":"CustomerFluent API","Environment":"Development"}
[2025-07-09 15:16:45.759 +03:00 INF] : ✅ Rate limiting configured successfully {"MachineName":"RAMYKHAIRY","EnvironmentUserName":"RAMYKHAIRY\\ramyk","ProcessId":11232,"ThreadId":11,"Application":"CustomerFluent API","Environment":"Development"}
[2025-07-09 15:16:46.414 +03:00 INF] Serilog.AspNetCore.RequestLoggingMiddleware: HTTP GET /swagger/index.html responded 200 in 66.1953 ms {"RequestHost":"localhost:7262","RequestScheme":"https","UserAgent":"Mozilla/5.0 (Windows NT 10.0; Win64; x64) AppleWebKit/537.36 (KHTML, like Gecko) Chrome/138.0.0.0 Safari/537.36 Edg/138.0.0.0","ConnectionId":"0HNDUS9SIELB8","RequestId":"0HNDUS9SIELB8:00000001","MachineName":"RAMYKHAIRY","EnvironmentUserName":"RAMYKHAIRY\\ramyk","ProcessId":11232,"ThreadId":5,"Application":"CustomerFluent API","Environment":"Development"}
[2025-07-09 15:16:46.527 +03:00 INF] Serilog.AspNetCore.RequestLoggingMiddleware: HTTP GET /swagger/v1/swagger.json responded 200 in 19.6334 ms {"RequestHost":"localhost:7262","RequestScheme":"https","UserAgent":"Mozilla/5.0 (Windows NT 10.0; Win64; x64) AppleWebKit/537.36 (KHTML, like Gecko) Chrome/138.0.0.0 Safari/537.36 Edg/138.0.0.0","ConnectionId":"0HNDUS9SIELB8","RequestId":"0HNDUS9SIELB8:00000007","MachineName":"RAMYKHAIRY","EnvironmentUserName":"RAMYKHAIRY\\ramyk","ProcessId":11232,"ThreadId":7,"Application":"CustomerFluent API","Environment":"Development"}
[2025-07-09 15:20:13.816 +03:00 WRN] Microsoft.EntityFrameworkCore.Model.Validation: Sensitive data logging is enabled. Log entries and exception messages may include sensitive application data; this mode should only be enabled during development. {"EventId":{"Id":10400,"Name":"Microsoft.EntityFrameworkCore.Infrastructure.SensitiveDataLoggingEnabledWarning"},"MachineName":"RAMYKHAIRY","EnvironmentUserName":"RAMYKHAIRY\\ramyk","ProcessId":33604,"ThreadId":1,"Application":"CustomerFluent API","Environment":"Development"}
[2025-07-09 15:20:14.470 +03:00 INF] Microsoft.EntityFrameworkCore.Database.Command: Executed DbCommand (41ms) [Parameters=[@__normalizedName_0='ADMIN' (Size = 256)], CommandType='"Text"', CommandTimeout='30']
SELECT TOP(1) [r].[Id], [r].[ConcurrencyStamp], [r].[CreatedDate], [r].[Description], [r].[Name], [r].[NormalizedName]
FROM [dbo].[Roles] AS [r]
WHERE [r].[NormalizedName] = @__normalizedName_0 {"EventId":{"Id":20101,"Name":"Microsoft.EntityFrameworkCore.Database.Command.CommandExecuted"},"MachineName":"RAMYKHAIRY","EnvironmentUserName":"RAMYKHAIRY\\ramyk","ProcessId":33604,"ThreadId":10,"Application":"CustomerFluent API","Environment":"Development"}
[2025-07-09 15:20:14.523 +03:00 INF] Microsoft.EntityFrameworkCore.Database.Command: Executed DbCommand (1ms) [Parameters=[@__normalizedName_0='USER' (Size = 256)], CommandType='"Text"', CommandTimeout='30']
SELECT TOP(1) [r].[Id], [r].[ConcurrencyStamp], [r].[CreatedDate], [r].[Description], [r].[Name], [r].[NormalizedName]
FROM [dbo].[Roles] AS [r]
WHERE [r].[NormalizedName] = @__normalizedName_0 {"EventId":{"Id":20101,"Name":"Microsoft.EntityFrameworkCore.Database.Command.CommandExecuted"},"MachineName":"RAMYKHAIRY","EnvironmentUserName":"RAMYKHAIRY\\ramyk","ProcessId":33604,"ThreadId":11,"Application":"CustomerFluent API","Environment":"Development"}
[2025-07-09 15:20:14.528 +03:00 INF] Microsoft.EntityFrameworkCore.Database.Command: Executed DbCommand (1ms) [Parameters=[@__normalizedName_0='MANAGER' (Size = 256)], CommandType='"Text"', CommandTimeout='30']
SELECT TOP(1) [r].[Id], [r].[ConcurrencyStamp], [r].[CreatedDate], [r].[Description], [r].[Name], [r].[NormalizedName]
FROM [dbo].[Roles] AS [r]
WHERE [r].[NormalizedName] = @__normalizedName_0 {"EventId":{"Id":20101,"Name":"Microsoft.EntityFrameworkCore.Database.Command.CommandExecuted"},"MachineName":"RAMYKHAIRY","EnvironmentUserName":"RAMYKHAIRY\\ramyk","ProcessId":33604,"ThreadId":10,"Application":"CustomerFluent API","Environment":"Development"}
[2025-07-09 15:20:14.542 +03:00 INF] Microsoft.EntityFrameworkCore.Database.Command: Executed DbCommand (4ms) [Parameters=[@__normalizedEmail_0='ADMIN@CUSTOMERFLUENT.COM' (Size = 256)], CommandType='"Text"', CommandTimeout='30']
SELECT TOP(2) [u].[Id], [u].[AccessFailedCount], [u].[ConcurrencyStamp], [u].[CreatedDate], [u].[Email], [u].[EmailConfirmed], [u].[FirstName], [u].[IsActive], [u].[LastLoginDate], [u].[LastName], [u].[LockoutEnabled], [u].[LockoutEnd], [u].[NormalizedEmail], [u].[NormalizedUserName], [u].[PasswordHash], [u].[PhoneNumber], [u].[PhoneNumberConfirmed], [u].[SecurityStamp], [u].[TwoFactorEnabled], [u].[UserName]
FROM [dbo].[Users] AS [u]
WHERE [u].[NormalizedEmail] = @__normalizedEmail_0 {"EventId":{"Id":20101,"Name":"Microsoft.EntityFrameworkCore.Database.Command.CommandExecuted"},"MachineName":"RAMYKHAIRY","EnvironmentUserName":"RAMYKHAIRY\\ramyk","ProcessId":33604,"ThreadId":11,"Application":"CustomerFluent API","Environment":"Development"}
[2025-07-09 15:20:14.581 +03:00 INF] Microsoft.EntityFrameworkCore.Database.Command: Executed DbCommand (2ms) [Parameters=[@__normalizedUserName_0='TESTUSER1' (Size = 256)], CommandType='"Text"', CommandTimeout='30']
SELECT TOP(1) [u].[Id], [u].[AccessFailedCount], [u].[ConcurrencyStamp], [u].[CreatedDate], [u].[Email], [u].[EmailConfirmed], [u].[FirstName], [u].[IsActive], [u].[LastLoginDate], [u].[LastName], [u].[LockoutEnabled], [u].[LockoutEnd], [u].[NormalizedEmail], [u].[NormalizedUserName], [u].[PasswordHash], [u].[PhoneNumber], [u].[PhoneNumberConfirmed], [u].[SecurityStamp], [u].[TwoFactorEnabled], [u].[UserName]
FROM [dbo].[Users] AS [u]
WHERE [u].[NormalizedUserName] = @__normalizedUserName_0 {"EventId":{"Id":20101,"Name":"Microsoft.EntityFrameworkCore.Database.Command.CommandExecuted"},"MachineName":"RAMYKHAIRY","EnvironmentUserName":"RAMYKHAIRY\\ramyk","ProcessId":33604,"ThreadId":10,"Application":"CustomerFluent API","Environment":"Development"}
[2025-07-09 15:20:14.586 +03:00 INF] Microsoft.EntityFrameworkCore.Database.Command: Executed DbCommand (1ms) [Parameters=[@__normalizedUserName_0='TESTUSER2' (Size = 256)], CommandType='"Text"', CommandTimeout='30']
SELECT TOP(1) [u].[Id], [u].[AccessFailedCount], [u].[ConcurrencyStamp], [u].[CreatedDate], [u].[Email], [u].[EmailConfirmed], [u].[FirstName], [u].[IsActive], [u].[LastLoginDate], [u].[LastName], [u].[LockoutEnabled], [u].[LockoutEnd], [u].[NormalizedEmail], [u].[NormalizedUserName], [u].[PasswordHash], [u].[PhoneNumber], [u].[PhoneNumberConfirmed], [u].[SecurityStamp], [u].[TwoFactorEnabled], [u].[UserName]
FROM [dbo].[Users] AS [u]
WHERE [u].[NormalizedUserName] = @__normalizedUserName_0 {"EventId":{"Id":20101,"Name":"Microsoft.EntityFrameworkCore.Database.Command.CommandExecuted"},"MachineName":"RAMYKHAIRY","EnvironmentUserName":"RAMYKHAIRY\\ramyk","ProcessId":33604,"ThreadId":7,"Application":"CustomerFluent API","Environment":"Development"}
[2025-07-09 15:20:14.589 +03:00 INF] Microsoft.EntityFrameworkCore.Database.Command: Executed DbCommand (0ms) [Parameters=[@__normalizedUserName_0='TESTUSER3' (Size = 256)], CommandType='"Text"', CommandTimeout='30']
SELECT TOP(1) [u].[Id], [u].[AccessFailedCount], [u].[ConcurrencyStamp], [u].[CreatedDate], [u].[Email], [u].[EmailConfirmed], [u].[FirstName], [u].[IsActive], [u].[LastLoginDate], [u].[LastName], [u].[LockoutEnabled], [u].[LockoutEnd], [u].[NormalizedEmail], [u].[NormalizedUserName], [u].[PasswordHash], [u].[PhoneNumber], [u].[PhoneNumberConfirmed], [u].[SecurityStamp], [u].[TwoFactorEnabled], [u].[UserName]
FROM [dbo].[Users] AS [u]
WHERE [u].[NormalizedUserName] = @__normalizedUserName_0 {"EventId":{"Id":20101,"Name":"Microsoft.EntityFrameworkCore.Database.Command.CommandExecuted"},"MachineName":"RAMYKHAIRY","EnvironmentUserName":"RAMYKHAIRY\\ramyk","ProcessId":33604,"ThreadId":7,"Application":"CustomerFluent API","Environment":"Development"}
[2025-07-09 15:20:14.599 +03:00 INF] : Swagger UI enabled for development environment {"MachineName":"RAMYKHAIRY","EnvironmentUserName":"RAMYKHAIRY\\ramyk","ProcessId":33604,"ThreadId":7,"Application":"CustomerFluent API","Environment":"Development"}
[2025-07-09 15:20:14.601 +03:00 INF] : 🛡️ Rate limiting middleware enabled {"MachineName":"RAMYKHAIRY","EnvironmentUserName":"RAMYKHAIRY\\ramyk","ProcessId":33604,"ThreadId":7,"Application":"CustomerFluent API","Environment":"Development"}
[2025-07-09 15:20:14.678 +03:00 INF] : CustomerFluent API configured with FIXED per-user rate limiting {"MachineName":"RAMYKHAIRY","EnvironmentUserName":"RAMYKHAIRY\\ramyk","ProcessId":33604,"ThreadId":7,"Application":"CustomerFluent API","Environment":"Development"}
[2025-07-09 15:20:14.730 +03:00 INF] : 🔧 Configuring CORRECTED per-user rate limiting... {"MachineName":"RAMYKHAIRY","EnvironmentUserName":"RAMYKHAIRY\\ramyk","ProcessId":33604,"ThreadId":7,"Application":"CustomerFluent API","Environment":"Development"}
[2025-07-09 15:20:14.732 +03:00 INF] : ✅ Rate limiting configured successfully {"MachineName":"RAMYKHAIRY","EnvironmentUserName":"RAMYKHAIRY\\ramyk","ProcessId":33604,"ThreadId":7,"Application":"CustomerFluent API","Environment":"Development"}
[2025-07-09 15:20:15.373 +03:00 INF] Serilog.AspNetCore.RequestLoggingMiddleware: HTTP GET /swagger/index.html responded 200 in 57.2647 ms {"RequestHost":"localhost:7262","RequestScheme":"https","UserAgent":"Mozilla/5.0 (Windows NT 10.0; Win64; x64) AppleWebKit/537.36 (KHTML, like Gecko) Chrome/138.0.0.0 Safari/537.36 Edg/138.0.0.0","ConnectionId":"0HNDUSBQR5S0B","RequestId":"0HNDUSBQR5S0B:00000001","MachineName":"RAMYKHAIRY","EnvironmentUserName":"RAMYKHAIRY\\ramyk","ProcessId":33604,"ThreadId":19,"Application":"CustomerFluent API","Environment":"Development"}
[2025-07-09 15:20:15.479 +03:00 INF] Serilog.AspNetCore.RequestLoggingMiddleware: HTTP GET /swagger/v1/swagger.json responded 200 in 17.3895 ms {"RequestHost":"localhost:7262","RequestScheme":"https","UserAgent":"Mozilla/5.0 (Windows NT 10.0; Win64; x64) AppleWebKit/537.36 (KHTML, like Gecko) Chrome/138.0.0.0 Safari/537.36 Edg/138.0.0.0","ConnectionId":"0HNDUSBQR5S0B","RequestId":"0HNDUSBQR5S0B:00000007","MachineName":"RAMYKHAIRY","EnvironmentUserName":"RAMYKHAIRY\\ramyk","ProcessId":33604,"ThreadId":22,"Application":"CustomerFluent API","Environment":"Development"}
