[2025-07-13 14:07:11.779 +03:00 WRN] Microsoft.EntityFrameworkCore.Model.Validation: Sensitive data logging is enabled. Log entries and exception messages may include sensitive application data; this mode should only be enabled during development. {"EventId":{"Id":10400,"Name":"Microsoft.EntityFrameworkCore.Infrastructure.SensitiveDataLoggingEnabledWarning"},"MachineName":"RAMYKHAIRY","EnvironmentUserName":"RAMYKHAIRY\\ramyk","ProcessId":34544,"ThreadId":1,"Application":"CustomerFluent API","Environment":"Development"}
[2025-07-13 14:07:12.435 +03:00 INF] Microsoft.EntityFrameworkCore.Database.Command: Executed DbCommand (42ms) [Parameters=[@__normalizedName_0='ADMIN' (Size = 256)], CommandType='"Text"', CommandTimeout='30']
SELECT TOP(1) [r].[Id], [r].[ConcurrencyStamp], [r].[CreatedDate], [r].[Description], [r].[Name], [r].[NormalizedName]
FROM [dbo].[Roles] AS [r]
WHERE [r].[NormalizedName] = @__normalizedName_0 {"EventId":{"Id":20101,"Name":"Microsoft.EntityFrameworkCore.Database.Command.CommandExecuted"},"MachineName":"RAMYKHAIRY","EnvironmentUserName":"RAMYKHAIRY\\ramyk","ProcessId":34544,"ThreadId":12,"Application":"CustomerFluent API","Environment":"Development"}
[2025-07-13 14:07:12.488 +03:00 INF] Microsoft.EntityFrameworkCore.Database.Command: Executed DbCommand (2ms) [Parameters=[@__normalizedName_0='USER' (Size = 256)], CommandType='"Text"', CommandTimeout='30']
SELECT TOP(1) [r].[Id], [r].[ConcurrencyStamp], [r].[CreatedDate], [r].[Description], [r].[Name], [r].[NormalizedName]
FROM [dbo].[Roles] AS [r]
WHERE [r].[NormalizedName] = @__normalizedName_0 {"EventId":{"Id":20101,"Name":"Microsoft.EntityFrameworkCore.Database.Command.CommandExecuted"},"MachineName":"RAMYKHAIRY","EnvironmentUserName":"RAMYKHAIRY\\ramyk","ProcessId":34544,"ThreadId":11,"Application":"CustomerFluent API","Environment":"Development"}
[2025-07-13 14:07:12.492 +03:00 INF] Microsoft.EntityFrameworkCore.Database.Command: Executed DbCommand (1ms) [Parameters=[@__normalizedName_0='MANAGER' (Size = 256)], CommandType='"Text"', CommandTimeout='30']
SELECT TOP(1) [r].[Id], [r].[ConcurrencyStamp], [r].[CreatedDate], [r].[Description], [r].[Name], [r].[NormalizedName]
FROM [dbo].[Roles] AS [r]
WHERE [r].[NormalizedName] = @__normalizedName_0 {"EventId":{"Id":20101,"Name":"Microsoft.EntityFrameworkCore.Database.Command.CommandExecuted"},"MachineName":"RAMYKHAIRY","EnvironmentUserName":"RAMYKHAIRY\\ramyk","ProcessId":34544,"ThreadId":10,"Application":"CustomerFluent API","Environment":"Development"}
[2025-07-13 14:07:12.508 +03:00 INF] Microsoft.EntityFrameworkCore.Database.Command: Executed DbCommand (5ms) [Parameters=[@__normalizedEmail_0='ADMIN@CUSTOMERFLUENT.COM' (Size = 256)], CommandType='"Text"', CommandTimeout='30']
SELECT TOP(2) [u].[Id], [u].[AccessFailedCount], [u].[ConcurrencyStamp], [u].[CreatedDate], [u].[Email], [u].[EmailConfirmed], [u].[FirstName], [u].[IsActive], [u].[LastLoginDate], [u].[LastName], [u].[LockoutEnabled], [u].[LockoutEnd], [u].[NormalizedEmail], [u].[NormalizedUserName], [u].[PasswordHash], [u].[PhoneNumber], [u].[PhoneNumberConfirmed], [u].[SecurityStamp], [u].[TwoFactorEnabled], [u].[UserName]
FROM [dbo].[Users] AS [u]
WHERE [u].[NormalizedEmail] = @__normalizedEmail_0 {"EventId":{"Id":20101,"Name":"Microsoft.EntityFrameworkCore.Database.Command.CommandExecuted"},"MachineName":"RAMYKHAIRY","EnvironmentUserName":"RAMYKHAIRY\\ramyk","ProcessId":34544,"ThreadId":10,"Application":"CustomerFluent API","Environment":"Development"}
[2025-07-13 14:07:12.548 +03:00 INF] Microsoft.EntityFrameworkCore.Database.Command: Executed DbCommand (2ms) [Parameters=[@__normalizedUserName_0='TESTUSER1' (Size = 256)], CommandType='"Text"', CommandTimeout='30']
SELECT TOP(1) [u].[Id], [u].[AccessFailedCount], [u].[ConcurrencyStamp], [u].[CreatedDate], [u].[Email], [u].[EmailConfirmed], [u].[FirstName], [u].[IsActive], [u].[LastLoginDate], [u].[LastName], [u].[LockoutEnabled], [u].[LockoutEnd], [u].[NormalizedEmail], [u].[NormalizedUserName], [u].[PasswordHash], [u].[PhoneNumber], [u].[PhoneNumberConfirmed], [u].[SecurityStamp], [u].[TwoFactorEnabled], [u].[UserName]
FROM [dbo].[Users] AS [u]
WHERE [u].[NormalizedUserName] = @__normalizedUserName_0 {"EventId":{"Id":20101,"Name":"Microsoft.EntityFrameworkCore.Database.Command.CommandExecuted"},"MachineName":"RAMYKHAIRY","EnvironmentUserName":"RAMYKHAIRY\\ramyk","ProcessId":34544,"ThreadId":12,"Application":"CustomerFluent API","Environment":"Development"}
[2025-07-13 14:07:12.554 +03:00 INF] Microsoft.EntityFrameworkCore.Database.Command: Executed DbCommand (1ms) [Parameters=[@__normalizedUserName_0='TESTUSER2' (Size = 256)], CommandType='"Text"', CommandTimeout='30']
SELECT TOP(1) [u].[Id], [u].[AccessFailedCount], [u].[ConcurrencyStamp], [u].[CreatedDate], [u].[Email], [u].[EmailConfirmed], [u].[FirstName], [u].[IsActive], [u].[LastLoginDate], [u].[LastName], [u].[LockoutEnabled], [u].[LockoutEnd], [u].[NormalizedEmail], [u].[NormalizedUserName], [u].[PasswordHash], [u].[PhoneNumber], [u].[PhoneNumberConfirmed], [u].[SecurityStamp], [u].[TwoFactorEnabled], [u].[UserName]
FROM [dbo].[Users] AS [u]
WHERE [u].[NormalizedUserName] = @__normalizedUserName_0 {"EventId":{"Id":20101,"Name":"Microsoft.EntityFrameworkCore.Database.Command.CommandExecuted"},"MachineName":"RAMYKHAIRY","EnvironmentUserName":"RAMYKHAIRY\\ramyk","ProcessId":34544,"ThreadId":7,"Application":"CustomerFluent API","Environment":"Development"}
[2025-07-13 14:07:12.557 +03:00 INF] Microsoft.EntityFrameworkCore.Database.Command: Executed DbCommand (0ms) [Parameters=[@__normalizedUserName_0='TESTUSER3' (Size = 256)], CommandType='"Text"', CommandTimeout='30']
SELECT TOP(1) [u].[Id], [u].[AccessFailedCount], [u].[ConcurrencyStamp], [u].[CreatedDate], [u].[Email], [u].[EmailConfirmed], [u].[FirstName], [u].[IsActive], [u].[LastLoginDate], [u].[LastName], [u].[LockoutEnabled], [u].[LockoutEnd], [u].[NormalizedEmail], [u].[NormalizedUserName], [u].[PasswordHash], [u].[PhoneNumber], [u].[PhoneNumberConfirmed], [u].[SecurityStamp], [u].[TwoFactorEnabled], [u].[UserName]
FROM [dbo].[Users] AS [u]
WHERE [u].[NormalizedUserName] = @__normalizedUserName_0 {"EventId":{"Id":20101,"Name":"Microsoft.EntityFrameworkCore.Database.Command.CommandExecuted"},"MachineName":"RAMYKHAIRY","EnvironmentUserName":"RAMYKHAIRY\\ramyk","ProcessId":34544,"ThreadId":11,"Application":"CustomerFluent API","Environment":"Development"}
[2025-07-13 14:07:12.567 +03:00 INF] : Swagger UI enabled for development environment {"MachineName":"RAMYKHAIRY","EnvironmentUserName":"RAMYKHAIRY\\ramyk","ProcessId":34544,"ThreadId":11,"Application":"CustomerFluent API","Environment":"Development"}
[2025-07-13 14:07:12.570 +03:00 INF] : 🛡️ Rate limiting middleware enabled {"MachineName":"RAMYKHAIRY","EnvironmentUserName":"RAMYKHAIRY\\ramyk","ProcessId":34544,"ThreadId":11,"Application":"CustomerFluent API","Environment":"Development"}
[2025-07-13 14:07:12.650 +03:00 INF] : CustomerFluent API configured with FIXED per-user rate limiting {"MachineName":"RAMYKHAIRY","EnvironmentUserName":"RAMYKHAIRY\\ramyk","ProcessId":34544,"ThreadId":11,"Application":"CustomerFluent API","Environment":"Development"}
[2025-07-13 14:07:12.706 +03:00 INF] : 🔧 Configuring per-user rate limiting (2 requests max)... {"MachineName":"RAMYKHAIRY","EnvironmentUserName":"RAMYKHAIRY\\ramyk","ProcessId":34544,"ThreadId":11,"Application":"CustomerFluent API","Environment":"Development"}
[2025-07-13 14:07:12.708 +03:00 INF] : ✅ Rate limiting configured: 2 requests max per user {"MachineName":"RAMYKHAIRY","EnvironmentUserName":"RAMYKHAIRY\\ramyk","ProcessId":34544,"ThreadId":11,"Application":"CustomerFluent API","Environment":"Development"}
[2025-07-13 14:07:13.319 +03:00 INF] Serilog.AspNetCore.RequestLoggingMiddleware: HTTP GET /swagger/index.html responded 200 in 64.3154 ms {"RequestHost":"localhost:7262","RequestScheme":"https","UserAgent":"Mozilla/5.0 (Windows NT 10.0; Win64; x64) AppleWebKit/537.36 (KHTML, like Gecko) Chrome/138.0.0.0 Safari/537.36 Edg/138.0.0.0","ConnectionId":"0HNE1VLLMETGB","RequestId":"0HNE1VLLMETGB:00000001","MachineName":"RAMYKHAIRY","EnvironmentUserName":"RAMYKHAIRY\\ramyk","ProcessId":34544,"ThreadId":10,"Application":"CustomerFluent API","Environment":"Development"}
[2025-07-13 14:07:13.474 +03:00 INF] Serilog.AspNetCore.RequestLoggingMiddleware: HTTP GET /swagger/v1/swagger.json responded 200 in 16.8808 ms {"RequestHost":"localhost:7262","RequestScheme":"https","UserAgent":"Mozilla/5.0 (Windows NT 10.0; Win64; x64) AppleWebKit/537.36 (KHTML, like Gecko) Chrome/138.0.0.0 Safari/537.36 Edg/138.0.0.0","ConnectionId":"0HNE1VLLMETGB","RequestId":"0HNE1VLLMETGB:00000007","MachineName":"RAMYKHAIRY","EnvironmentUserName":"RAMYKHAIRY\\ramyk","ProcessId":34544,"ThreadId":21,"Application":"CustomerFluent API","Environment":"Development"}
[2025-07-13 14:12:29.182 +03:00 WRN] Microsoft.EntityFrameworkCore.Model.Validation: Sensitive data logging is enabled. Log entries and exception messages may include sensitive application data; this mode should only be enabled during development. {"EventId":{"Id":10400,"Name":"Microsoft.EntityFrameworkCore.Infrastructure.SensitiveDataLoggingEnabledWarning"},"MachineName":"RAMYKHAIRY","EnvironmentUserName":"RAMYKHAIRY\\ramyk","ProcessId":37348,"ThreadId":1,"Application":"CustomerFluent API","Environment":"Development"}
[2025-07-13 14:12:29.853 +03:00 INF] Microsoft.EntityFrameworkCore.Database.Command: Executed DbCommand (44ms) [Parameters=[@__normalizedName_0='ADMIN' (Size = 256)], CommandType='"Text"', CommandTimeout='30']
SELECT TOP(1) [r].[Id], [r].[ConcurrencyStamp], [r].[CreatedDate], [r].[Description], [r].[Name], [r].[NormalizedName]
FROM [dbo].[Roles] AS [r]
WHERE [r].[NormalizedName] = @__normalizedName_0 {"EventId":{"Id":20101,"Name":"Microsoft.EntityFrameworkCore.Database.Command.CommandExecuted"},"MachineName":"RAMYKHAIRY","EnvironmentUserName":"RAMYKHAIRY\\ramyk","ProcessId":37348,"ThreadId":10,"Application":"CustomerFluent API","Environment":"Development"}
[2025-07-13 14:12:29.910 +03:00 INF] Microsoft.EntityFrameworkCore.Database.Command: Executed DbCommand (2ms) [Parameters=[@__normalizedName_0='USER' (Size = 256)], CommandType='"Text"', CommandTimeout='30']
SELECT TOP(1) [r].[Id], [r].[ConcurrencyStamp], [r].[CreatedDate], [r].[Description], [r].[Name], [r].[NormalizedName]
FROM [dbo].[Roles] AS [r]
WHERE [r].[NormalizedName] = @__normalizedName_0 {"EventId":{"Id":20101,"Name":"Microsoft.EntityFrameworkCore.Database.Command.CommandExecuted"},"MachineName":"RAMYKHAIRY","EnvironmentUserName":"RAMYKHAIRY\\ramyk","ProcessId":37348,"ThreadId":7,"Application":"CustomerFluent API","Environment":"Development"}
[2025-07-13 14:12:29.914 +03:00 INF] Microsoft.EntityFrameworkCore.Database.Command: Executed DbCommand (0ms) [Parameters=[@__normalizedName_0='MANAGER' (Size = 256)], CommandType='"Text"', CommandTimeout='30']
SELECT TOP(1) [r].[Id], [r].[ConcurrencyStamp], [r].[CreatedDate], [r].[Description], [r].[Name], [r].[NormalizedName]
FROM [dbo].[Roles] AS [r]
WHERE [r].[NormalizedName] = @__normalizedName_0 {"EventId":{"Id":20101,"Name":"Microsoft.EntityFrameworkCore.Database.Command.CommandExecuted"},"MachineName":"RAMYKHAIRY","EnvironmentUserName":"RAMYKHAIRY\\ramyk","ProcessId":37348,"ThreadId":11,"Application":"CustomerFluent API","Environment":"Development"}
[2025-07-13 14:12:29.930 +03:00 INF] Microsoft.EntityFrameworkCore.Database.Command: Executed DbCommand (5ms) [Parameters=[@__normalizedEmail_0='ADMIN@CUSTOMERFLUENT.COM' (Size = 256)], CommandType='"Text"', CommandTimeout='30']
SELECT TOP(2) [u].[Id], [u].[AccessFailedCount], [u].[ConcurrencyStamp], [u].[CreatedDate], [u].[Email], [u].[EmailConfirmed], [u].[FirstName], [u].[IsActive], [u].[LastLoginDate], [u].[LastName], [u].[LockoutEnabled], [u].[LockoutEnd], [u].[NormalizedEmail], [u].[NormalizedUserName], [u].[PasswordHash], [u].[PhoneNumber], [u].[PhoneNumberConfirmed], [u].[SecurityStamp], [u].[TwoFactorEnabled], [u].[UserName]
FROM [dbo].[Users] AS [u]
WHERE [u].[NormalizedEmail] = @__normalizedEmail_0 {"EventId":{"Id":20101,"Name":"Microsoft.EntityFrameworkCore.Database.Command.CommandExecuted"},"MachineName":"RAMYKHAIRY","EnvironmentUserName":"RAMYKHAIRY\\ramyk","ProcessId":37348,"ThreadId":10,"Application":"CustomerFluent API","Environment":"Development"}
[2025-07-13 14:12:29.969 +03:00 INF] Microsoft.EntityFrameworkCore.Database.Command: Executed DbCommand (2ms) [Parameters=[@__normalizedUserName_0='TESTUSER1' (Size = 256)], CommandType='"Text"', CommandTimeout='30']
SELECT TOP(1) [u].[Id], [u].[AccessFailedCount], [u].[ConcurrencyStamp], [u].[CreatedDate], [u].[Email], [u].[EmailConfirmed], [u].[FirstName], [u].[IsActive], [u].[LastLoginDate], [u].[LastName], [u].[LockoutEnabled], [u].[LockoutEnd], [u].[NormalizedEmail], [u].[NormalizedUserName], [u].[PasswordHash], [u].[PhoneNumber], [u].[PhoneNumberConfirmed], [u].[SecurityStamp], [u].[TwoFactorEnabled], [u].[UserName]
FROM [dbo].[Users] AS [u]
WHERE [u].[NormalizedUserName] = @__normalizedUserName_0 {"EventId":{"Id":20101,"Name":"Microsoft.EntityFrameworkCore.Database.Command.CommandExecuted"},"MachineName":"RAMYKHAIRY","EnvironmentUserName":"RAMYKHAIRY\\ramyk","ProcessId":37348,"ThreadId":10,"Application":"CustomerFluent API","Environment":"Development"}
[2025-07-13 14:12:29.973 +03:00 INF] Microsoft.EntityFrameworkCore.Database.Command: Executed DbCommand (1ms) [Parameters=[@__normalizedUserName_0='TESTUSER2' (Size = 256)], CommandType='"Text"', CommandTimeout='30']
SELECT TOP(1) [u].[Id], [u].[AccessFailedCount], [u].[ConcurrencyStamp], [u].[CreatedDate], [u].[Email], [u].[EmailConfirmed], [u].[FirstName], [u].[IsActive], [u].[LastLoginDate], [u].[LastName], [u].[LockoutEnabled], [u].[LockoutEnd], [u].[NormalizedEmail], [u].[NormalizedUserName], [u].[PasswordHash], [u].[PhoneNumber], [u].[PhoneNumberConfirmed], [u].[SecurityStamp], [u].[TwoFactorEnabled], [u].[UserName]
FROM [dbo].[Users] AS [u]
WHERE [u].[NormalizedUserName] = @__normalizedUserName_0 {"EventId":{"Id":20101,"Name":"Microsoft.EntityFrameworkCore.Database.Command.CommandExecuted"},"MachineName":"RAMYKHAIRY","EnvironmentUserName":"RAMYKHAIRY\\ramyk","ProcessId":37348,"ThreadId":7,"Application":"CustomerFluent API","Environment":"Development"}
[2025-07-13 14:12:29.977 +03:00 INF] Microsoft.EntityFrameworkCore.Database.Command: Executed DbCommand (1ms) [Parameters=[@__normalizedUserName_0='TESTUSER3' (Size = 256)], CommandType='"Text"', CommandTimeout='30']
SELECT TOP(1) [u].[Id], [u].[AccessFailedCount], [u].[ConcurrencyStamp], [u].[CreatedDate], [u].[Email], [u].[EmailConfirmed], [u].[FirstName], [u].[IsActive], [u].[LastLoginDate], [u].[LastName], [u].[LockoutEnabled], [u].[LockoutEnd], [u].[NormalizedEmail], [u].[NormalizedUserName], [u].[PasswordHash], [u].[PhoneNumber], [u].[PhoneNumberConfirmed], [u].[SecurityStamp], [u].[TwoFactorEnabled], [u].[UserName]
FROM [dbo].[Users] AS [u]
WHERE [u].[NormalizedUserName] = @__normalizedUserName_0 {"EventId":{"Id":20101,"Name":"Microsoft.EntityFrameworkCore.Database.Command.CommandExecuted"},"MachineName":"RAMYKHAIRY","EnvironmentUserName":"RAMYKHAIRY\\ramyk","ProcessId":37348,"ThreadId":11,"Application":"CustomerFluent API","Environment":"Development"}
[2025-07-13 14:12:29.989 +03:00 INF] : Swagger UI enabled for development environment {"MachineName":"RAMYKHAIRY","EnvironmentUserName":"RAMYKHAIRY\\ramyk","ProcessId":37348,"ThreadId":11,"Application":"CustomerFluent API","Environment":"Development"}
[2025-07-13 14:12:29.991 +03:00 INF] : 🛡️ Rate limiting middleware enabled {"MachineName":"RAMYKHAIRY","EnvironmentUserName":"RAMYKHAIRY\\ramyk","ProcessId":37348,"ThreadId":11,"Application":"CustomerFluent API","Environment":"Development"}
[2025-07-13 14:12:30.073 +03:00 INF] : CustomerFluent API configured with FIXED per-user rate limiting {"MachineName":"RAMYKHAIRY","EnvironmentUserName":"RAMYKHAIRY\\ramyk","ProcessId":37348,"ThreadId":11,"Application":"CustomerFluent API","Environment":"Development"}
[2025-07-13 14:12:30.129 +03:00 INF] : 🔧 Configuring per-user rate limiting (2 requests max)... {"MachineName":"RAMYKHAIRY","EnvironmentUserName":"RAMYKHAIRY\\ramyk","ProcessId":37348,"ThreadId":11,"Application":"CustomerFluent API","Environment":"Development"}
[2025-07-13 14:12:30.130 +03:00 INF] : ✅ Rate limiting configured: 2 requests max per user {"MachineName":"RAMYKHAIRY","EnvironmentUserName":"RAMYKHAIRY\\ramyk","ProcessId":37348,"ThreadId":11,"Application":"CustomerFluent API","Environment":"Development"}
[2025-07-13 14:12:31.086 +03:00 INF] Serilog.AspNetCore.RequestLoggingMiddleware: HTTP GET /swagger/index.html responded 200 in 78.5023 ms {"RequestHost":"localhost:7262","RequestScheme":"https","UserAgent":"Mozilla/5.0 (Windows NT 10.0; Win64; x64) AppleWebKit/537.36 (KHTML, like Gecko) Chrome/138.0.0.0 Safari/537.36 Edg/138.0.0.0","ConnectionId":"0HNE1VOKCKCQB","RequestId":"0HNE1VOKCKCQB:00000001","MachineName":"RAMYKHAIRY","EnvironmentUserName":"RAMYKHAIRY\\ramyk","ProcessId":37348,"ThreadId":17,"Application":"CustomerFluent API","Environment":"Development"}
[2025-07-13 14:12:31.182 +03:00 INF] Serilog.AspNetCore.RequestLoggingMiddleware: HTTP GET /swagger/v1/swagger.json responded 200 in 16.4561 ms {"RequestHost":"localhost:7262","RequestScheme":"https","UserAgent":"Mozilla/5.0 (Windows NT 10.0; Win64; x64) AppleWebKit/537.36 (KHTML, like Gecko) Chrome/138.0.0.0 Safari/537.36 Edg/138.0.0.0","ConnectionId":"0HNE1VOKCKCQB","RequestId":"0HNE1VOKCKCQB:00000007","MachineName":"RAMYKHAIRY","EnvironmentUserName":"RAMYKHAIRY\\ramyk","ProcessId":37348,"ThreadId":19,"Application":"CustomerFluent API","Environment":"Development"}
[2025-07-13 14:13:57.541 +03:00 INF] : ✅ Extracted userName: adimn {"RequestId":"0HNE1VOKCKCQB:00000009","RequestPath":"/api/Auth/register","ConnectionId":"0HNE1VOKCKCQB","MachineName":"RAMYKHAIRY","EnvironmentUserName":"RAMYKHAIRY\\ramyk","ProcessId":37348,"ThreadId":24,"Application":"CustomerFluent API","Environment":"Development"}
[2025-07-13 14:13:57.543 +03:00 INF] : 🔑 AUTH USER - Key: auth-user:adimn | User: adimn | Path: /api/Auth/register {"RequestId":"0HNE1VOKCKCQB:00000009","RequestPath":"/api/Auth/register","ConnectionId":"0HNE1VOKCKCQB","MachineName":"RAMYKHAIRY","EnvironmentUserName":"RAMYKHAIRY\\ramyk","ProcessId":37348,"ThreadId":24,"Application":"CustomerFluent API","Environment":"Development"}
[2025-07-13 14:13:57.746 +03:00 INF] CustomerFluent.Controllers.AuthController: Registration attempt for username: adimn {"ActionId":"7cbfa5a0-9d48-49d0-980c-a152bb0e4516","ActionName":"CustomerFluent.Controllers.AuthController.Register (CustomerFluent)","RequestId":"0HNE1VOKCKCQB:00000009","RequestPath":"/api/Auth/register","ConnectionId":"0HNE1VOKCKCQB","MachineName":"RAMYKHAIRY","EnvironmentUserName":"RAMYKHAIRY\\ramyk","ProcessId":37348,"ThreadId":24,"Application":"CustomerFluent API","Environment":"Development"}
[2025-07-13 14:13:57.794 +03:00 INF] Microsoft.EntityFrameworkCore.Database.Command: Executed DbCommand (13ms) [Parameters=[@__normalizedEmail_0='WINDOWSSERVICE@GMAIL.COM' (Size = 256)], CommandType='"Text"', CommandTimeout='30']
SELECT TOP(2) [u].[Id], [u].[AccessFailedCount], [u].[ConcurrencyStamp], [u].[CreatedDate], [u].[Email], [u].[EmailConfirmed], [u].[FirstName], [u].[IsActive], [u].[LastLoginDate], [u].[LastName], [u].[LockoutEnabled], [u].[LockoutEnd], [u].[NormalizedEmail], [u].[NormalizedUserName], [u].[PasswordHash], [u].[PhoneNumber], [u].[PhoneNumberConfirmed], [u].[SecurityStamp], [u].[TwoFactorEnabled], [u].[UserName]
FROM [dbo].[Users] AS [u]
WHERE [u].[NormalizedEmail] = @__normalizedEmail_0 {"EventId":{"Id":20101,"Name":"Microsoft.EntityFrameworkCore.Database.Command.CommandExecuted"},"ActionId":"7cbfa5a0-9d48-49d0-980c-a152bb0e4516","ActionName":"CustomerFluent.Controllers.AuthController.Register (CustomerFluent)","RequestId":"0HNE1VOKCKCQB:00000009","RequestPath":"/api/Auth/register","ConnectionId":"0HNE1VOKCKCQB","MachineName":"RAMYKHAIRY","EnvironmentUserName":"RAMYKHAIRY\\ramyk","ProcessId":37348,"ThreadId":24,"Application":"CustomerFluent API","Environment":"Development"}
[2025-07-13 14:13:57.800 +03:00 INF] Microsoft.EntityFrameworkCore.Database.Command: Executed DbCommand (3ms) [Parameters=[@__normalizedUserName_0='ADIMN' (Size = 256)], CommandType='"Text"', CommandTimeout='30']
SELECT TOP(1) [u].[Id], [u].[AccessFailedCount], [u].[ConcurrencyStamp], [u].[CreatedDate], [u].[Email], [u].[EmailConfirmed], [u].[FirstName], [u].[IsActive], [u].[LastLoginDate], [u].[LastName], [u].[LockoutEnabled], [u].[LockoutEnd], [u].[NormalizedEmail], [u].[NormalizedUserName], [u].[PasswordHash], [u].[PhoneNumber], [u].[PhoneNumberConfirmed], [u].[SecurityStamp], [u].[TwoFactorEnabled], [u].[UserName]
FROM [dbo].[Users] AS [u]
WHERE [u].[NormalizedUserName] = @__normalizedUserName_0 {"EventId":{"Id":20101,"Name":"Microsoft.EntityFrameworkCore.Database.Command.CommandExecuted"},"ActionId":"7cbfa5a0-9d48-49d0-980c-a152bb0e4516","ActionName":"CustomerFluent.Controllers.AuthController.Register (CustomerFluent)","RequestId":"0HNE1VOKCKCQB:00000009","RequestPath":"/api/Auth/register","ConnectionId":"0HNE1VOKCKCQB","MachineName":"RAMYKHAIRY","EnvironmentUserName":"RAMYKHAIRY\\ramyk","ProcessId":37348,"ThreadId":24,"Application":"CustomerFluent API","Environment":"Development"}
[2025-07-13 14:13:57.873 +03:00 INF] Microsoft.EntityFrameworkCore.Database.Command: Executed DbCommand (1ms) [Parameters=[@__normalizedUserName_0='ADIMN' (Size = 256)], CommandType='"Text"', CommandTimeout='30']
SELECT TOP(1) [u].[Id], [u].[AccessFailedCount], [u].[ConcurrencyStamp], [u].[CreatedDate], [u].[Email], [u].[EmailConfirmed], [u].[FirstName], [u].[IsActive], [u].[LastLoginDate], [u].[LastName], [u].[LockoutEnabled], [u].[LockoutEnd], [u].[NormalizedEmail], [u].[NormalizedUserName], [u].[PasswordHash], [u].[PhoneNumber], [u].[PhoneNumberConfirmed], [u].[SecurityStamp], [u].[TwoFactorEnabled], [u].[UserName]
FROM [dbo].[Users] AS [u]
WHERE [u].[NormalizedUserName] = @__normalizedUserName_0 {"EventId":{"Id":20101,"Name":"Microsoft.EntityFrameworkCore.Database.Command.CommandExecuted"},"ActionId":"7cbfa5a0-9d48-49d0-980c-a152bb0e4516","ActionName":"CustomerFluent.Controllers.AuthController.Register (CustomerFluent)","RequestId":"0HNE1VOKCKCQB:00000009","RequestPath":"/api/Auth/register","ConnectionId":"0HNE1VOKCKCQB","MachineName":"RAMYKHAIRY","EnvironmentUserName":"RAMYKHAIRY\\ramyk","ProcessId":37348,"ThreadId":21,"Application":"CustomerFluent API","Environment":"Development"}
[2025-07-13 14:13:57.879 +03:00 INF] Microsoft.EntityFrameworkCore.Database.Command: Executed DbCommand (1ms) [Parameters=[@__normalizedEmail_0='WINDOWSSERVICE@GMAIL.COM' (Size = 256)], CommandType='"Text"', CommandTimeout='30']
SELECT TOP(2) [u].[Id], [u].[AccessFailedCount], [u].[ConcurrencyStamp], [u].[CreatedDate], [u].[Email], [u].[EmailConfirmed], [u].[FirstName], [u].[IsActive], [u].[LastLoginDate], [u].[LastName], [u].[LockoutEnabled], [u].[LockoutEnd], [u].[NormalizedEmail], [u].[NormalizedUserName], [u].[PasswordHash], [u].[PhoneNumber], [u].[PhoneNumberConfirmed], [u].[SecurityStamp], [u].[TwoFactorEnabled], [u].[UserName]
FROM [dbo].[Users] AS [u]
WHERE [u].[NormalizedEmail] = @__normalizedEmail_0 {"EventId":{"Id":20101,"Name":"Microsoft.EntityFrameworkCore.Database.Command.CommandExecuted"},"ActionId":"7cbfa5a0-9d48-49d0-980c-a152bb0e4516","ActionName":"CustomerFluent.Controllers.AuthController.Register (CustomerFluent)","RequestId":"0HNE1VOKCKCQB:00000009","RequestPath":"/api/Auth/register","ConnectionId":"0HNE1VOKCKCQB","MachineName":"RAMYKHAIRY","EnvironmentUserName":"RAMYKHAIRY\\ramyk","ProcessId":37348,"ThreadId":18,"Application":"CustomerFluent API","Environment":"Development"}
[2025-07-13 14:13:57.985 +03:00 INF] Microsoft.EntityFrameworkCore.Database.Command: Executed DbCommand (14ms) [Parameters=[@p0='e7208580-24db-4c93-a111-0d0c14879b9b' (Nullable = false) (Size = 450), @p1='0', @p2='74f3ac8c-70c2-4c00-bb50-90631cfa0b1b' (Size = 4000), @p3='2025-07-13T11:13:57.8038742Z', @p4='windowsservice@gmail.com' (Size = 256), @p5='True', @p6='windows' (Nullable = false) (Size = 100), @p7='True', @p8=NULL (DbType = DateTime2), @p9='service' (Nullable = false) (Size = 100), @p10='True', @p11=NULL (DbType = DateTimeOffset), @p12='WINDOWSSERVICE@GMAIL.COM' (Size = 256), @p13='ADIMN' (Size = 256), @p14='AQAAAAIAAYagAAAAEOIROxS1FcNfvOJoOZ3plQNyDGUV/hgcG9GQ66ZCSQELWpx2l3u00AlH7rC8GsKYSQ==' (Size = 4000), @p15='01069709153' (Size = 4000), @p16='False', @p17='TZWLKIWU4GUD62VJ5LCVVQ2IH7TNJCG4' (Size = 4000), @p18='False', @p19='adimn' (Size = 256)], CommandType='"Text"', CommandTimeout='30']
SET IMPLICIT_TRANSACTIONS OFF;
SET NOCOUNT ON;
INSERT INTO [dbo].[Users] ([Id], [AccessFailedCount], [ConcurrencyStamp], [CreatedDate], [Email], [EmailConfirmed], [FirstName], [IsActive], [LastLoginDate], [LastName], [LockoutEnabled], [LockoutEnd], [NormalizedEmail], [NormalizedUserName], [PasswordHash], [PhoneNumber], [PhoneNumberConfirmed], [SecurityStamp], [TwoFactorEnabled], [UserName])
VALUES (@p0, @p1, @p2, @p3, @p4, @p5, @p6, @p7, @p8, @p9, @p10, @p11, @p12, @p13, @p14, @p15, @p16, @p17, @p18, @p19); {"EventId":{"Id":20101,"Name":"Microsoft.EntityFrameworkCore.Database.Command.CommandExecuted"},"ActionId":"7cbfa5a0-9d48-49d0-980c-a152bb0e4516","ActionName":"CustomerFluent.Controllers.AuthController.Register (CustomerFluent)","RequestId":"0HNE1VOKCKCQB:00000009","RequestPath":"/api/Auth/register","ConnectionId":"0HNE1VOKCKCQB","MachineName":"RAMYKHAIRY","EnvironmentUserName":"RAMYKHAIRY\\ramyk","ProcessId":37348,"ThreadId":18,"Application":"CustomerFluent API","Environment":"Development"}
[2025-07-13 14:13:58.006 +03:00 INF] Microsoft.EntityFrameworkCore.Database.Command: Executed DbCommand (4ms) [Parameters=[@__normalizedRoleName_0='USER' (Size = 256)], CommandType='"Text"', CommandTimeout='30']
SELECT TOP(2) [r].[Id], [r].[ConcurrencyStamp], [r].[CreatedDate], [r].[Description], [r].[Name], [r].[NormalizedName]
FROM [dbo].[Roles] AS [r]
WHERE [r].[NormalizedName] = @__normalizedRoleName_0 {"EventId":{"Id":20101,"Name":"Microsoft.EntityFrameworkCore.Database.Command.CommandExecuted"},"ActionId":"7cbfa5a0-9d48-49d0-980c-a152bb0e4516","ActionName":"CustomerFluent.Controllers.AuthController.Register (CustomerFluent)","RequestId":"0HNE1VOKCKCQB:00000009","RequestPath":"/api/Auth/register","ConnectionId":"0HNE1VOKCKCQB","MachineName":"RAMYKHAIRY","EnvironmentUserName":"RAMYKHAIRY\\ramyk","ProcessId":37348,"ThreadId":18,"Application":"CustomerFluent API","Environment":"Development"}
[2025-07-13 14:13:58.050 +03:00 INF] Microsoft.EntityFrameworkCore.Database.Command: Executed DbCommand (6ms) [Parameters=[@__p_0='e7208580-24db-4c93-a111-0d0c14879b9b' (Size = 450), @__p_1='e949feeb-22a5-4e6a-bea9-bdd690ed235a' (Size = 450)], CommandType='"Text"', CommandTimeout='30']
SELECT TOP(1) [a].[UserId], [a].[RoleId]
FROM [dbo].[AspNetUserRoles] AS [a]
WHERE [a].[UserId] = @__p_0 AND [a].[RoleId] = @__p_1 {"EventId":{"Id":20101,"Name":"Microsoft.EntityFrameworkCore.Database.Command.CommandExecuted"},"ActionId":"7cbfa5a0-9d48-49d0-980c-a152bb0e4516","ActionName":"CustomerFluent.Controllers.AuthController.Register (CustomerFluent)","RequestId":"0HNE1VOKCKCQB:00000009","RequestPath":"/api/Auth/register","ConnectionId":"0HNE1VOKCKCQB","MachineName":"RAMYKHAIRY","EnvironmentUserName":"RAMYKHAIRY\\ramyk","ProcessId":37348,"ThreadId":18,"Application":"CustomerFluent API","Environment":"Development"}
[2025-07-13 14:13:58.056 +03:00 INF] Microsoft.EntityFrameworkCore.Database.Command: Executed DbCommand (1ms) [Parameters=[@__normalizedRoleName_0='USER' (Size = 256)], CommandType='"Text"', CommandTimeout='30']
SELECT TOP(2) [r].[Id], [r].[ConcurrencyStamp], [r].[CreatedDate], [r].[Description], [r].[Name], [r].[NormalizedName]
FROM [dbo].[Roles] AS [r]
WHERE [r].[NormalizedName] = @__normalizedRoleName_0 {"EventId":{"Id":20101,"Name":"Microsoft.EntityFrameworkCore.Database.Command.CommandExecuted"},"ActionId":"7cbfa5a0-9d48-49d0-980c-a152bb0e4516","ActionName":"CustomerFluent.Controllers.AuthController.Register (CustomerFluent)","RequestId":"0HNE1VOKCKCQB:00000009","RequestPath":"/api/Auth/register","ConnectionId":"0HNE1VOKCKCQB","MachineName":"RAMYKHAIRY","EnvironmentUserName":"RAMYKHAIRY\\ramyk","ProcessId":37348,"ThreadId":21,"Application":"CustomerFluent API","Environment":"Development"}
[2025-07-13 14:13:58.069 +03:00 INF] Microsoft.EntityFrameworkCore.Database.Command: Executed DbCommand (2ms) [Parameters=[@__normalizedUserName_0='ADIMN' (Size = 256)], CommandType='"Text"', CommandTimeout='30']
SELECT TOP(1) [u].[Id], [u].[AccessFailedCount], [u].[ConcurrencyStamp], [u].[CreatedDate], [u].[Email], [u].[EmailConfirmed], [u].[FirstName], [u].[IsActive], [u].[LastLoginDate], [u].[LastName], [u].[LockoutEnabled], [u].[LockoutEnd], [u].[NormalizedEmail], [u].[NormalizedUserName], [u].[PasswordHash], [u].[PhoneNumber], [u].[PhoneNumberConfirmed], [u].[SecurityStamp], [u].[TwoFactorEnabled], [u].[UserName]
FROM [dbo].[Users] AS [u]
WHERE [u].[NormalizedUserName] = @__normalizedUserName_0 {"EventId":{"Id":20101,"Name":"Microsoft.EntityFrameworkCore.Database.Command.CommandExecuted"},"ActionId":"7cbfa5a0-9d48-49d0-980c-a152bb0e4516","ActionName":"CustomerFluent.Controllers.AuthController.Register (CustomerFluent)","RequestId":"0HNE1VOKCKCQB:00000009","RequestPath":"/api/Auth/register","ConnectionId":"0HNE1VOKCKCQB","MachineName":"RAMYKHAIRY","EnvironmentUserName":"RAMYKHAIRY\\ramyk","ProcessId":37348,"ThreadId":21,"Application":"CustomerFluent API","Environment":"Development"}
[2025-07-13 14:13:58.074 +03:00 INF] Microsoft.EntityFrameworkCore.Database.Command: Executed DbCommand (1ms) [Parameters=[@__normalizedEmail_0='WINDOWSSERVICE@GMAIL.COM' (Size = 256)], CommandType='"Text"', CommandTimeout='30']
SELECT TOP(2) [u].[Id], [u].[AccessFailedCount], [u].[ConcurrencyStamp], [u].[CreatedDate], [u].[Email], [u].[EmailConfirmed], [u].[FirstName], [u].[IsActive], [u].[LastLoginDate], [u].[LastName], [u].[LockoutEnabled], [u].[LockoutEnd], [u].[NormalizedEmail], [u].[NormalizedUserName], [u].[PasswordHash], [u].[PhoneNumber], [u].[PhoneNumberConfirmed], [u].[SecurityStamp], [u].[TwoFactorEnabled], [u].[UserName]
FROM [dbo].[Users] AS [u]
WHERE [u].[NormalizedEmail] = @__normalizedEmail_0 {"EventId":{"Id":20101,"Name":"Microsoft.EntityFrameworkCore.Database.Command.CommandExecuted"},"ActionId":"7cbfa5a0-9d48-49d0-980c-a152bb0e4516","ActionName":"CustomerFluent.Controllers.AuthController.Register (CustomerFluent)","RequestId":"0HNE1VOKCKCQB:00000009","RequestPath":"/api/Auth/register","ConnectionId":"0HNE1VOKCKCQB","MachineName":"RAMYKHAIRY","EnvironmentUserName":"RAMYKHAIRY\\ramyk","ProcessId":37348,"ThreadId":21,"Application":"CustomerFluent API","Environment":"Development"}
[2025-07-13 14:13:58.119 +03:00 INF] Microsoft.EntityFrameworkCore.Database.Command: Executed DbCommand (17ms) [Parameters=[@p0='e949feeb-22a5-4e6a-bea9-bdd690ed235a' (Nullable = false) (Size = 450), @p1='e7208580-24db-4c93-a111-0d0c14879b9b' (Nullable = false) (Size = 450), @p21='e7208580-24db-4c93-a111-0d0c14879b9b' (Nullable = false) (Size = 450), @p2='0', @p3='84c85c60-8e8e-4c32-b67c-7596d66b18dd' (Size = 4000), @p22='74f3ac8c-70c2-4c00-bb50-90631cfa0b1b' (Size = 4000), @p4='2025-07-13T11:13:57.8038742Z', @p5='windowsservice@gmail.com' (Size = 256), @p6='True', @p7='windows' (Nullable = false) (Size = 100), @p8='True', @p9=NULL (DbType = DateTime2), @p10='service' (Nullable = false) (Size = 100), @p11='True', @p12=NULL (DbType = DateTimeOffset), @p13='WINDOWSSERVICE@GMAIL.COM' (Size = 256), @p14='ADIMN' (Size = 256), @p15='AQAAAAIAAYagAAAAEOIROxS1FcNfvOJoOZ3plQNyDGUV/hgcG9GQ66ZCSQELWpx2l3u00AlH7rC8GsKYSQ==' (Size = 4000), @p16='01069709153' (Size = 4000), @p17='False', @p18='TZWLKIWU4GUD62VJ5LCVVQ2IH7TNJCG4' (Size = 4000), @p19='False', @p20='adimn' (Size = 256)], CommandType='"Text"', CommandTimeout='30']
SET NOCOUNT ON;
INSERT INTO [dbo].[AspNetUserRoles] ([RoleId], [UserId])
VALUES (@p0, @p1);
UPDATE [dbo].[Users] SET [AccessFailedCount] = @p2, [ConcurrencyStamp] = @p3, [CreatedDate] = @p4, [Email] = @p5, [EmailConfirmed] = @p6, [FirstName] = @p7, [IsActive] = @p8, [LastLoginDate] = @p9, [LastName] = @p10, [LockoutEnabled] = @p11, [LockoutEnd] = @p12, [NormalizedEmail] = @p13, [NormalizedUserName] = @p14, [PasswordHash] = @p15, [PhoneNumber] = @p16, [PhoneNumberConfirmed] = @p17, [SecurityStamp] = @p18, [TwoFactorEnabled] = @p19, [UserName] = @p20
OUTPUT 1
WHERE [Id] = @p21 AND [ConcurrencyStamp] = @p22; {"EventId":{"Id":20101,"Name":"Microsoft.EntityFrameworkCore.Database.Command.CommandExecuted"},"ActionId":"7cbfa5a0-9d48-49d0-980c-a152bb0e4516","ActionName":"CustomerFluent.Controllers.AuthController.Register (CustomerFluent)","RequestId":"0HNE1VOKCKCQB:00000009","RequestPath":"/api/Auth/register","ConnectionId":"0HNE1VOKCKCQB","MachineName":"RAMYKHAIRY","EnvironmentUserName":"RAMYKHAIRY\\ramyk","ProcessId":37348,"ThreadId":21,"Application":"CustomerFluent API","Environment":"Development"}
[2025-07-13 14:13:58.132 +03:00 INF] CustomerFluent.Services.AuthService: User adimn registered successfully {"ActionId":"7cbfa5a0-9d48-49d0-980c-a152bb0e4516","ActionName":"CustomerFluent.Controllers.AuthController.Register (CustomerFluent)","RequestId":"0HNE1VOKCKCQB:00000009","RequestPath":"/api/Auth/register","ConnectionId":"0HNE1VOKCKCQB","MachineName":"RAMYKHAIRY","EnvironmentUserName":"RAMYKHAIRY\\ramyk","ProcessId":37348,"ThreadId":21,"Application":"CustomerFluent API","Environment":"Development"}
[2025-07-13 14:13:58.172 +03:00 INF] Microsoft.EntityFrameworkCore.Database.Command: Executed DbCommand (3ms) [Parameters=[@__userId_0='e7208580-24db-4c93-a111-0d0c14879b9b' (Size = 450)], CommandType='"Text"', CommandTimeout='30']
SELECT [r].[Name]
FROM [dbo].[AspNetUserRoles] AS [a]
INNER JOIN [dbo].[Roles] AS [r] ON [a].[RoleId] = [r].[Id]
WHERE [a].[UserId] = @__userId_0 {"EventId":{"Id":20101,"Name":"Microsoft.EntityFrameworkCore.Database.Command.CommandExecuted"},"ActionId":"7cbfa5a0-9d48-49d0-980c-a152bb0e4516","ActionName":"CustomerFluent.Controllers.AuthController.Register (CustomerFluent)","RequestId":"0HNE1VOKCKCQB:00000009","RequestPath":"/api/Auth/register","ConnectionId":"0HNE1VOKCKCQB","MachineName":"RAMYKHAIRY","EnvironmentUserName":"RAMYKHAIRY\\ramyk","ProcessId":37348,"ThreadId":21,"Application":"CustomerFluent API","Environment":"Development"}
[2025-07-13 14:13:58.198 +03:00 INF] CustomerFluent.Services.JwtService: JWT token generated for user: adimn {"ActionId":"7cbfa5a0-9d48-49d0-980c-a152bb0e4516","ActionName":"CustomerFluent.Controllers.AuthController.Register (CustomerFluent)","RequestId":"0HNE1VOKCKCQB:00000009","RequestPath":"/api/Auth/register","ConnectionId":"0HNE1VOKCKCQB","MachineName":"RAMYKHAIRY","EnvironmentUserName":"RAMYKHAIRY\\ramyk","ProcessId":37348,"ThreadId":21,"Application":"CustomerFluent API","Environment":"Development"}
[2025-07-13 14:13:58.201 +03:00 INF] CustomerFluent.Controllers.AuthController: User adimn registered successfully {"ActionId":"7cbfa5a0-9d48-49d0-980c-a152bb0e4516","ActionName":"CustomerFluent.Controllers.AuthController.Register (CustomerFluent)","RequestId":"0HNE1VOKCKCQB:00000009","RequestPath":"/api/Auth/register","ConnectionId":"0HNE1VOKCKCQB","MachineName":"RAMYKHAIRY","EnvironmentUserName":"RAMYKHAIRY\\ramyk","ProcessId":37348,"ThreadId":21,"Application":"CustomerFluent API","Environment":"Development"}
[2025-07-13 14:13:58.218 +03:00 INF] Serilog.AspNetCore.RequestLoggingMiddleware: HTTP POST /api/Auth/register responded 200 in 697.9628 ms {"RequestHost":"localhost:7262","RequestScheme":"https","UserAgent":"Mozilla/5.0 (Windows NT 10.0; Win64; x64) AppleWebKit/537.36 (KHTML, like Gecko) Chrome/138.0.0.0 Safari/537.36 Edg/138.0.0.0","ConnectionId":"0HNE1VOKCKCQB","RequestId":"0HNE1VOKCKCQB:00000009","MachineName":"RAMYKHAIRY","EnvironmentUserName":"RAMYKHAIRY\\ramyk","ProcessId":37348,"ThreadId":21,"Application":"CustomerFluent API","Environment":"Development"}
[2025-07-13 14:15:49.546 +03:00 WRN] : JWT Authentication failed: IDX14100: JWT is not well formed, there are no dots (.).
The token needs to be in JWS or JWE Compact Serialization Format. (JWS): 'EncodedHeader.EndcodedPayload.EncodedSignature'. (JWE): 'EncodedProtectedHeader.EncodedEncryptedKey.EncodedInitializationVector.EncodedCiphertext.EncodedAuthenticationTag'. {"RequestId":"0HNE1VOKCKCQC:00000001","RequestPath":"/","ConnectionId":"0HNE1VOKCKCQC","MachineName":"RAMYKHAIRY","EnvironmentUserName":"RAMYKHAIRY\\ramyk","ProcessId":37348,"ThreadId":25,"Application":"CustomerFluent API","Environment":"Development"}
[2025-07-13 14:15:49.548 +03:00 INF] Serilog.AspNetCore.RequestLoggingMiddleware: HTTP GET / responded 404 in 14.6657 ms {"RequestHost":"localhost:7262","RequestScheme":"https","UserAgent":null,"ConnectionId":"0HNE1VOKCKCQC","RequestId":"0HNE1VOKCKCQC:00000001","MachineName":"RAMYKHAIRY","EnvironmentUserName":"RAMYKHAIRY\\ramyk","ProcessId":37348,"ThreadId":25,"Application":"CustomerFluent API","Environment":"Development"}
